62
 SCF done        -96.992687066640          0.087368059334
C         -11.37790000000000   -1.77140000000000    1.52700000000000
C         -10.16930000000000   -0.96790000000000    1.15170000000000
C         -10.34300000000000    0.48280000000000    1.06050000000000
C          -9.29180000000000    1.25140000000000    0.72820000000000
N          -8.06290000000000    0.64840000000000    0.47890000000000
C          -6.86460000000000    1.21930000000000    0.13020000000000
C          -5.97360000000000    0.17190000000000    0.00980000000000
C          -4.56270000000000    0.26290000000000   -0.34070000000000
C          -3.81310000000000   -0.91110000000000   -0.48780000000000
C          -2.45500000000000   -0.85750000000000   -0.81780000000000
C          -1.81630000000000    0.36830000000000   -1.00370000000000
O          -0.48890000000000    0.28040000000000   -1.31690000000000
C           0.24160000000000    1.50250000000000   -1.40770000000000
C           1.71620000000000    1.18640000000000   -1.66120000000000
C           2.33180000000000    0.39280000000000   -0.50130000000000
N           3.74700000000000    0.05170000000000   -0.73680000000000
C           4.18100000000000   -0.97970000000000    0.24060000000000
C           5.66290000000000   -1.38500000000000    0.07270000000000
N           6.52530000000000   -0.19820000000000    0.14110000000000
C           7.89080000000000   -0.34650000000000    0.38590000000000
C           8.62310000000000   -1.35200000000000   -0.27030000000000
C           9.99360000000000   -1.51660000000000   -0.05750000000000
C          10.66600000000000   -0.67350000000000    0.82040000000000
C           9.96940000000000    0.33530000000000    1.48950000000000
Cl         10.88060000000000    1.33750000000000    2.56810000000000
C           8.58970000000000    0.50400000000000    1.27930000000000
Cl          7.71810000000000    1.72930000000000    2.16080000000000
C           6.13460000000000    0.89060000000000   -0.76930000000000
C           4.63500000000000    1.23300000000000   -0.59580000000000
C          -2.55260000000000    1.54360000000000   -0.86530000000000
C          -3.91530000000000    1.49040000000000   -0.53550000000000
N          -6.60350000000000   -1.02790000000000    0.27250000000000
C          -7.85150000000000   -0.72150000000000    0.55330000000000
C          -8.96640000000000   -1.53440000000000    0.90530000000000
H         -12.18010000000000   -1.62500000000000    0.79610000000000
H         -11.74730000000000   -1.47290000000000    2.51300000000000
H         -11.15860000000000   -2.84330000000000    1.56650000000000
H         -11.31720000000000    0.91590000000000    1.26350000000000
H          -9.34820000000000    2.32850000000000    0.64280000000000
H          -6.76550000000000    2.28700000000000    0.00560000000000
H          -4.28440000000000   -1.88180000000000   -0.34470000000000
H          -1.89370000000000   -1.78220000000000   -0.92670000000000
H          -0.13920000000000    2.09820000000000   -2.24610000000000
H           0.14980000000000    2.07550000000000   -0.47670000000000
H           1.80650000000000    0.59820000000000   -2.58250000000000
H           2.24670000000000    2.13150000000000   -1.81380000000000
H           2.21400000000000    0.94340000000000    0.44080000000000
H           1.76060000000000   -0.53790000000000   -0.39590000000000
H           4.02510000000000   -0.61600000000000    1.26560000000000
H           3.56990000000000   -1.88200000000000    0.11560000000000
H           5.92250000000000   -2.09200000000000    0.87000000000000
H           5.79240000000000   -1.89440000000000   -0.89050000000000
H           8.12840000000000   -2.01270000000000   -0.97840000000000
H          10.53350000000000   -2.30000000000000   -0.58350000000000
H          11.73310000000000   -0.80710000000000    0.98210000000000
H           6.72110000000000    1.79890000000000   -0.59020000000000
H           6.32400000000000    0.58180000000000   -1.80560000000000
H           4.38420000000000    1.98490000000000   -1.35120000000000
H           4.49120000000000    1.69610000000000    0.38980000000000
H          -2.10260000000000    2.51980000000000   -1.00880000000000
H          -4.45440000000000    2.42780000000000   -0.43250000000000
H          -8.80990000000000   -2.60610000000000    0.96730000000000
62
 SCF done        -97.003497413063          0.041927288777
C         -11.37337848961697   -1.77290187991486    1.52591321921364
C         -10.16981857570062   -0.96409025819425    1.15122151641268
C         -10.32888756961692    0.46373358257332    1.05850436237749
C          -9.27874585994388    1.24402949548233    0.72542154078310
N          -8.06330892603688    0.66308723803498    0.47779702224871
C          -6.86781839338276    1.22405183788548    0.13216317587434
C          -5.97190598148843    0.17950370815257    0.00849368437277
C          -4.55890614632361    0.25739580539686   -0.34153549952640
C          -3.80935306603485   -0.91152151016910   -0.48931681126707
C          -2.46532292206908   -0.85946752508876   -0.81344453053842
C          -1.82119796942198    0.36455345147758   -0.99870880508032
O          -0.49162384239658    0.28941631451642   -1.30741238361364
C           0.25019475681178    1.49631576961834   -1.40589759570598
C           1.72522434613541    1.17546629590281   -1.65901133294385
C           2.35448925209738    0.39178668221899   -0.50371846428025
N           3.76525158388187    0.05301220465759   -0.72654921251842
C           4.19466596829327   -0.96352255047576    0.24292131106209
C           5.66514529459453   -1.35983933543522    0.04934091588073
N           6.51399133952779   -0.18209626843642    0.16729348988784
C           7.88764460982317   -0.34995111242326    0.37726063203476
C           8.61644755534983   -1.35863989340093   -0.26302187932395
C           9.97659052201044   -1.52081127254306   -0.04997591576544
C          10.65063739178401   -0.67679218527253    0.81423429380115
C           9.95294420350458    0.32805775806250    1.47108662704808
Cl         10.82772499759296    1.34665571278652    2.56027083202305
C           8.58635514495820    0.49177417443166    1.26181056513567
Cl          7.72669025454387    1.72425845714411    2.12792868773501
C           6.11333459285225    0.87237333304020   -0.75626636711048
C           4.63197658950202    1.22811107876117   -0.57729748552342
C          -2.56046735808584    1.53491408766210   -0.86130238662843
C          -3.91020490785065    1.47691915911003   -0.53646837748408
N          -6.60290718844061   -1.00853449587717    0.27148150805803
C          -7.85208146111841   -0.70698819506794    0.55205266794846
C          -8.95672267846550   -1.52429869091123    0.90175919152916
H         -12.17467736335425   -1.62031052137164    0.80145125515221
H         -11.74551185147245   -1.46931892381711    2.50529002721804
H         -11.14320164581883   -2.83726028635331    1.56221970176931
H         -11.29804522446257    0.89439196166502    1.26012927532727
H          -9.33403005695999    2.31922354793191    0.64010754167443
H          -6.76560935842623    2.28339487745124    0.00671016532562
H          -4.28819657687619   -1.86921062888205   -0.34436679250462
H          -1.89935382268754   -1.77333597179743   -0.92433079501098
H          -0.13794296158496    2.09769502529142   -2.23851481462671
H           0.14862245909119    2.06969753543432   -0.47559434728886
H           1.81434900502920    0.58812328543409   -2.57486980729607
H           2.24590672246209    2.12302175107426   -1.80953783163250
H           2.22644842909022    0.95572355465897    0.43502738988982
H           1.79385413338243   -0.54237679070014   -0.40410837082651
H           4.04646583463592   -0.60427249945211    1.27324764896284
H           3.57920965917829   -1.85734003618550    0.10006521528431
H           5.93717381295372   -2.06186394591513    0.84293699418701
H           5.77744434623789   -1.86548462039109   -0.92082468691167
H           8.11626823766220   -2.01430117139441   -0.96116805031520
H          10.51733467937823   -2.29553580344409   -0.57535051608910
H          11.71184981300458   -0.79813658386362    0.98163084607700
H           6.71077248912994    1.76683774213019   -0.56361537939068
H           6.29573898694050    0.56048186017716   -1.79671135055692
H           4.37210410217012    1.96239641688666   -1.34413640730067
H           4.49370489484044    1.69125183416780    0.41179095018401
H          -2.10948661208833    2.50679726210183   -1.00333813179528
H          -4.44962789436460    2.40822213686137   -0.43357346973069
H          -8.79802130436086   -2.59107198140367    0.96220554410797
62
 SCF done        -97.006736657174          0.012686412953
C         -11.36078510341322   -1.77566814685715    1.52288032015831
C         -10.16290475827172   -0.95888181194560    1.14882622287464
C         -10.31350624008418    0.44954133692795    1.05582276354678
C          -9.26419633331225    1.24176847729958    0.72219748041585
N          -8.05860356529268    0.68027572716731    0.47533180903536
C          -6.86600427413776    1.23284144359908    0.13197083661997
C          -5.96827947120272    0.18677863272803    0.00674800992610
C          -4.55528227038829    0.25313173375162   -0.34195853284109
C          -3.80677678425133   -0.91572597170052   -0.48924598273754
C          -2.47006088889083   -0.86655829825458   -0.80869434611472
C          -1.81906505539802    0.35635516981147   -0.99201812272732
O          -0.48843767459226    0.28787236612625   -1.29450041197169
C           0.25852681065834    1.48521833882932   -1.39784603243015
C           1.73246989843920    1.16298295237289   -1.65744845018600
C           2.36445596788008    0.38835241701908   -0.49877253150442
N           3.77340101314673    0.06235755107473   -0.70697010884590
C           4.20153701073139   -0.95415069578145    0.24316061356021
C           5.66463526732874   -1.34293520668070    0.03164741883615
N           6.49287757209422   -0.16559212517878    0.19290128570807
C           7.87386862393593   -0.35306053969158    0.36580219223931
C           8.59676962523949   -1.36870295392170   -0.26089877011657
C           9.95286984946191   -1.52521467993045   -0.04858878624040
C          10.63098511022588   -0.67907183369598    0.80748909086730
C           9.93131075300253    0.32677710295250    1.45411139769881
Cl         10.77427435605214    1.36391561261059    2.54851757266012
C           8.57171550074401    0.49072017623818    1.23921645426972
Cl          7.71739049830109    1.73113338430462    2.08365536284359
C           6.10097457700813    0.87107961016027   -0.74084363885084
C           4.62996804547463    1.22874489518780   -0.55880252513305
C          -2.55959257224727    1.52632841168823   -0.85611644789084
C          -3.90387793554979    1.46776957251447   -0.53662453263347
N          -6.59751472211428   -0.99283632311169    0.26801062591773
C          -7.84828146286593   -0.69428888883694    0.54950510524547
C          -8.93998576016000   -1.51558368397134    0.89640317160618
H         -12.16227464433653   -1.62081851208737    0.80179619140021
H         -11.73476584203034   -1.47022829775257    2.49929656250190
H         -11.12037152649586   -2.83415776218825    1.55638692813226
H         -11.27924143591574    0.88318154233455    1.25560551145488
H          -9.32461418986429    2.31620405945194    0.63800646519282
H          -6.75774670524880    2.28855519134927    0.00483089301131
H          -4.29780442675806   -1.86338307359033   -0.34343678182609
H          -1.89761241524044   -1.77266300232182   -0.92122338538720
H          -0.12819313787066    2.09283732418674   -2.22872830827004
H           0.15893085158398    2.06324538803181   -0.46832779737440
H           1.81864918698432    0.57299414541525   -2.56868646017314
H           2.24518014469231    2.11332177720951   -1.81037120623416
H           2.23074313840278    0.96242560770070    0.43660655579746
H           1.81677685544065   -0.55111940890118   -0.39785622851811
H           4.07194965473325   -0.60242868429722    1.28103500941527
H           3.58164569255916   -1.84199420228520    0.09528537799733
H           5.95140607785202   -2.06490389974237    0.80173874093452
H           5.76484403069122   -1.81574505122991   -0.95870098697361
H           8.08760070748341   -2.02991935553215   -0.94260998805937
H          10.49225277249805   -2.30458145173132   -0.56246636345651
H          11.68847240397085   -0.79157498046607    0.98174024440161
H           6.71119327665055    1.75726109347583   -0.55463736386336
H           6.26720381030801    0.54384375715659   -1.78188169500819
H           4.36171365401607    1.95747066038713   -1.32569185891085
H           4.49753584215197    1.69001125505859    0.43444171649504
H          -2.10371699501960    2.49414439595757   -0.99744982881586
H          -4.44643130334708    2.39493217099645   -0.43479311590416
H          -8.77800108544322   -2.57918443939167    0.95502265823482
62
 SCF done        -97.007714377151          0.008870331889
C         -11.34538548076898   -1.77980075803250    1.51915593736016
C         -10.15218576118225   -0.95598437353559    1.14537738344238
C         -10.30363705494543    0.44805622097851    1.05323774086699
C          -9.25510017907133    1.24603628387843    0.71969324765454
N          -8.04972332513087    0.69122904409866    0.47221506986663
C          -6.85780657235932    1.24090647688958    0.12963683097242
C          -5.96126889601463    0.19184348250658    0.00383982608228
C          -4.54949110341996    0.25304786610490   -0.34312252624565
C          -3.80447820468559   -0.91926165575863   -0.48850983656186
C          -2.46724754208643   -0.87347361525798   -0.80414007766008
C          -1.81249006217420    0.34884099538314   -0.98517496441227
O          -0.48228762241983    0.28010402969599   -1.28383619123360
C           0.26170132404967    1.47654509039329   -1.39115778821623
C           1.73442278600806    1.15316585131237   -1.65343720391991
C           2.36482049963303    0.38755983546191   -0.48891553202360
N           3.77278947370830    0.06895485806392   -0.69236558996049
C           4.19954388507837   -0.95461375467773    0.24627568347780
C           5.65926892612552   -1.33928585371431    0.01275191354276
N           6.47748086163711   -0.16091010435998    0.20061375042632
C           7.85981437163799   -0.35492367860566    0.35942663904139
C           8.57695073784917   -1.37988848140331   -0.25637614738914
C           9.93312058056672   -1.53325838608031   -0.04269754272874
C          10.61441352507313   -0.67871760262416    0.80408039317571
C           9.91638319531731    0.33576160712286    1.44028365783761
Cl         10.74826600370313    1.38260684522771    2.53241595678656
C           8.55692674409443    0.50027835939350    1.22163626987847
Cl          7.70156200449923    1.74978920372096    2.04536341136781
C           6.09118771976988    0.87613006955487   -0.73362335341700
C           4.62295783664980    1.23663651423717   -0.54091960415135
C          -2.55035328458943    1.52135378232259   -0.85156291016018
C          -3.89554492875932    1.46625800539714   -0.53635953824387
N          -6.58896192075508   -0.98545195434777    0.26385288850605
C          -7.84054516510469   -0.68751866269509    0.54609934739968
C          -8.92510749778346   -1.51100416990716    0.89131190503669
H         -12.14795438569637   -1.62747438459385    0.79857514372131
H         -11.72011905262711   -1.47673282000792    2.49615965103670
H         -11.09792377535262   -2.83626986064704    1.55081734617045
H         -11.26833406494790    0.88552963716137    1.25228559541487
H          -9.32270495345597    2.32059206811874    0.63753377394182
H          -6.74474010254153    2.29676219406274    0.00182041814531
H          -4.30429783862792   -1.86301805098251   -0.34307705163253
H          -1.89239725353385   -1.77838335508286   -0.91710720416294
H          -0.12506909416581    2.08551613424474   -2.22172961874440
H           0.16842282723381    2.05725694649612   -0.46187460266036
H           1.81941179584522    0.55652898113630   -2.56043954186511
H           2.24686914943110    2.10244500333745   -1.81251234617508
H           2.22565959399541    0.96618304399480    0.44360406076565
H           1.82352429490521   -0.55460818872077   -0.38527694955141
H           4.08606513393586   -0.61020876945717    1.29025352829453
H           3.57556602617371   -1.83914173701772    0.09950468393391
H           5.95653509252274   -2.08523710129697    0.75669859752147
H           5.75459081493593   -1.77599432883250   -0.99662046499995
H           8.06269076112352   -2.05063245352392   -0.92570518877811
H          10.47122390083068   -2.31970661746233   -0.54778746468377
H          11.67096516602725   -0.78990169193740    0.98192342414718
H           6.70716078023912    1.75970286648213   -0.55619104253468
H           6.24796945378258    0.54025989357722   -1.77392760396218
H           4.34916118241263    1.97060214173430   -1.30044576608518
H           4.49658151321504    1.69253535784146    0.45745776715540
H          -2.08923839965089    2.48679006203913   -0.99197453309422
H          -4.43958151736628    2.39285287725284   -0.43584267306094
H          -8.75983292279377   -2.57385921866023    0.94860901534409
62
 SCF done        -97.008627853401          0.010433780996
C         -11.32092848468012   -1.78685830429443    1.51300820628219
C         -10.13472283643932   -0.95285671416035    1.13964709190401
C         -10.28976124807292    0.45007843122683    1.04930606390126
C          -9.24284223824280    1.25377656756092    0.71624629329709
N          -8.03454152315592    0.70468628952637    0.46713010323444
C          -6.84271089098906    1.25234559920051    0.12518536597523
C          -5.94828457653893    0.19947153742102   -0.00124110833053
C          -4.53804109645249    0.25579093104453   -0.34490596644800
C          -3.79978076990712   -0.92253060050578   -0.48688537142813
C          -2.46048301355181   -0.88261421352756   -0.79752053628567
C          -1.80201618890149    0.33861604576106   -0.97571721922271
O          -0.47270369592794    0.26766697330426   -1.26914665681543
C           0.26310038766852    1.46629806102997   -1.38339381086418
C           1.73337691907014    1.14096857926396   -1.64702054616457
C           2.35617717694194    0.38827668354776   -0.47154170403540
N           3.76299394816592    0.07750453381679   -0.67181622167076
C           4.19425680654591   -0.95968016980461    0.24853596266496
C           5.64914745868689   -1.33881901847811   -0.01976707117453
N           6.46051859414657   -0.16173641915845    0.20041817967352
C           7.84150204416171   -0.35729326140618    0.35204323624093
C           8.55055644614203   -1.39895963622571   -0.24380154086114
C           9.90757020131639   -1.54794320929396   -0.02803369394663
C          10.59190102687131   -0.67746317092798    0.80182176281852
C           9.89833448265421    0.35304302804045    1.42013019299000
Cl         10.72516080519558    1.41635242424921    2.49770033260221
C           8.53833805765008    0.51907865943759    1.19561447439703
Cl          7.68189176886755    1.78425086340473    1.98894090786733
C           6.07623230247103    0.88617191060503   -0.72462424104236
C           4.60975999676860    1.24650079465206   -0.51179681481928
C          -2.53321231427971    1.51587765811330   -0.84487294446595
C          -3.88048937799297    1.46768316630029   -0.53517911210054
N          -6.57477637200573   -0.97641879802507    0.25668507761023
C          -7.82695257437700   -0.67885327910371    0.54003021262255
C          -8.90446327457903   -1.50502854280504    0.88352776777078
H         -12.12562283686773   -1.64087872493308    0.79279178430377
H         -11.69667829822046   -1.48991048458025    2.49195265913831
H         -11.06320568065139   -2.84136155202215    1.54187955717599
H         -11.25354268247481    0.89203906713826    1.24792285011190
H          -9.32126075400507    2.32841090465322    0.63759217509263
H          -6.72350913205900    2.30873650186819   -0.00272236010000
H          -4.31007001603466   -1.86216754507053   -0.34276349161789
H          -1.88481650510634   -1.78833137786675   -0.90930092980966
H          -0.12664948699669    2.07305071867115   -2.21413216482587
H           0.17762802737838    2.05014150474770   -0.45476562562730
H           1.81714758616808    0.53087483862010   -2.54600889983231
H           2.24990811947782    2.08589055088342   -1.81857319534558
H           2.20983213514733    0.97307819154933    0.45589217494246
H           1.81900076127972   -0.55531530084064   -0.36209378198317
H           4.10538586774763   -0.62731382467570    1.30027040138959
H           3.56223040275809   -1.83857652122494    0.10543039915249
H           5.96124097327341   -2.11940142144180    0.68346433957677
H           5.73274017436529   -1.72300205834482   -1.05382733831844
H           8.03170679731542   -2.08529500208849   -0.89538907734936
H          10.44315725304121   -2.34753229340419   -0.51753074771251
H          11.64799986854299   -0.78916858476372    0.98287618160549
H           6.69855893885442    1.76652164347129   -0.55691415178177
H           6.21736130990853    0.54703613873183   -1.76560210734801
H           4.32618575627130    1.99416651503643   -1.25454061169209
H           4.49470426313377    1.68862110639448    0.49571533995822
H          -2.06435787895918    2.47818566096622   -0.98280761262926
H          -4.42455841340232    2.39496246317643   -0.43655071917916
H          -8.73442449711589   -2.56744451444069    0.93882828052846
62
 SCF done        -97.009195912248          0.010636059467
C         -11.30012290447332   -1.79328928724543    1.50733152968544
C         -10.11978902541213   -0.95136027379854    1.13435393132023
C         -10.27788755380699    0.45239570919954    1.04591842951661
C          -9.23275808402458    1.25914011496690    0.71351813976904
N          -8.02169016084287    0.71341578605091    0.46281997588877
C          -6.82970310115362    1.26107890702716    0.12158198043118
C          -5.93644438116790    0.20661774857194   -0.00551277122035
C          -4.52687990724700    0.26027162898223   -0.34612766630895
C          -3.79479165154902   -0.92270533430093   -0.48517082611679
C          -2.45407482188459   -0.88825887253197   -0.79209213333395
C          -1.79361037388631    0.33174154237564   -0.96838802035213
O          -0.46495679383859    0.25872068985237   -1.25838678161711
C           0.26287602230176    1.46057893169545   -1.38039850607292
C           1.73067036971756    1.13234597061037   -1.64175975284082
C           2.34532451308550    0.39127194088043   -0.45545133636351
N           3.75120495252569    0.08410855224986   -0.65469022737482
C           4.18916966019631   -0.96671203753196    0.24778204555054
C           5.63893143019756   -1.34126550339060   -0.05219546920424
N           6.45070467274655   -0.16875791229393    0.18858627518715
C           7.82842954174980   -0.35966365339206    0.34526325261443
C           8.53272398393642   -1.41757787848143   -0.22787470020964
C           9.88985108552976   -1.56462798441462   -0.00834526438904
C          10.57562170497089   -0.67704289911671    0.80243719745188
C           9.88609033808746    0.36953032438799    1.40018339184112
Cl         10.71555045357628    1.45180595498529    2.45544519455913
C           8.52599119379281    0.53505876046273    1.17182102475895
Cl          7.67198313637850    1.81666072154127    1.94023482060990
C           6.06065679827746    0.89547414313328   -0.71835604968602
C           4.59649539553413    1.25346500148187   -0.48205449728598
C          -2.51809414636173    1.51302683149223   -0.83906027308931
C          -3.86654620260202    1.47104494920811   -0.53324646485456
N          -6.56242363044047   -0.96922596844959    0.25036320034228
C          -7.81447581704472   -0.67199078936692    0.53413823543199
C          -8.88883173967664   -1.50043780975262    0.87660329428290
H         -12.10670220755442   -1.65344602493162    0.78768420035938
H         -11.67665528852472   -1.50252283336578    2.48802143188419
H         -11.03371123351305   -2.84627123596770    1.53364187375433
H         -11.24135716202034    0.89567138999425    1.24500043900162
H          -9.31836042595775    2.33358204704757    0.63788362567568
H          -6.70695133820291    2.31758492456708   -0.00556105076553
H          -4.31119874769152   -1.85952576719048   -0.34198503250805
H          -1.87988480486621   -1.79580200468250   -0.90180468460277
H          -0.13137921333706    2.06166306344686   -2.21253172228003
H           0.18027722931365    2.04776651487986   -0.45356286794323
H           1.81354751501992    0.50898682156724   -2.53238485375421
H           2.25274294802123    2.07187808680702   -1.82573703924765
H           2.19334437309887    0.98229926991993    0.46667531410277
H           1.80797079127985   -0.55164794843045   -0.33985786878626
H           4.12027879288406   -0.64638409014358    1.30487382616376
H           3.55033061298170   -1.84080969375498    0.10640906810409
H           5.96110298244553   -2.14400702640945    0.61931392736894
H           5.70841164615062   -1.68876605990828   -1.09939799635694
H           8.01235445184676   -2.11729332438129   -0.86438138390627
H          10.42311677617678   -2.37657787443147   -0.48141209667803
H          11.63173398207196   -0.78906208115080    0.98516625304729
H           6.68626015718121    1.77272618602874   -0.55190550386569
H           6.18704996016647    0.56495502036079   -1.76309573056128
H           4.30338574237653    2.01647970807443   -1.20608522837571
H           4.49226845482262    1.67698482803322    0.53515327372757
H          -2.04352715204628    2.47290888084428   -0.97433462240380
H          -4.40851964037956    2.39977011006761   -0.43526287416706
H          -8.71492415893612   -2.56257889197875    0.93000614409172
62
 SCF done        -97.009736924797          0.008230319301
C         -11.28091560793903   -1.79999672164445    1.50164416254244
C         -10.10593008490422   -0.95146575418830    1.12902636323774
C         -10.26687149775034    0.45380165480146    1.04269530344385
C          -9.22378902626807    1.26224118280285    0.71106441508488
N          -8.01057625553487    0.71893420450707    0.45889938031403
C          -6.81850442815435    1.26837255984568    0.11879101228539
C          -5.92534385704513    0.21436723664438   -0.00892871141715
C          -4.51582264738343    0.26649431299329   -0.34632871372913
C          -3.78948719436716   -0.92001495609085   -0.48266033357917
C          -2.44803949375841   -0.89092696186253   -0.78682714353213
C          -1.78656178712681    0.32764626900405   -0.96226107425828
O          -0.45841619881116    0.25288385600042   -1.25045066444160
C           0.26247326336588    1.45795623601148   -1.38260504337491
C           1.72772329602434    1.12512462859254   -1.63755646138760
C           2.33282943184371    0.39654913610810   -0.43877434995156
N           3.73799221869113    0.09102027011300   -0.63681828729956
C           4.18479965422987   -0.97545498006896    0.24405895614193
C           5.62843439494820   -1.34591653298384   -0.08882326988512
N           6.44542355284706   -0.18040637202085    0.16564127973444
C           7.81807920499416   -0.36260343542403    0.33667767710348
C           8.52029527005657   -1.43884651406968   -0.20665708730301
C           9.87653007288276   -1.58611963077751    0.01931379717408
C          10.56338467842171   -0.67813139049687    0.80570408447536
C           9.87710597989856    0.38627929433908    1.37615021650965
Cl         10.71440352871541    1.49452640650793    2.39859562632435
C           8.51760853484291    0.54942032109419    1.14482124587094
Cl          7.66999023312439    1.84975057758464    1.89061307242461
C           6.04284954664997    0.90658064192807   -0.71201329156981
C           4.58259870203729    1.25896081708924   -0.44580683907525
C          -2.50448809782676    1.51239076273320   -0.83348279797757
C          -3.85324735187489    1.47604437059697   -0.53019780643307
N          -6.55075882309936   -0.96252624136940    0.24460026403259
C          -7.80218439855519   -0.66589834302338    0.52802544570135
C          -8.87556236838987   -1.49686377285122    0.86969732024470
H         -12.08915560308678   -1.66580044737786    0.78289482472322
H         -11.65804984973431   -1.51503475838983    2.48370907051494
H         -11.00650197226360   -2.85138533577104    1.52549057486339
H         -11.23070563613490    0.89541290551288    1.24301053743608
H          -9.31340672332498    2.33634603056485    0.63792276086376
H          -6.69440158378540    2.32470038537603   -0.00697091094639
H          -4.30936286855813   -1.85463130921005   -0.34017507520421
H          -1.87687434064324   -1.80076877707953   -0.89396835818792
H          -0.13634141936220    2.04949097153985   -2.21864005118832
H           0.17834181104174    2.05088317025158   -0.45976112066544
H           1.81019239943048    0.48729470267796   -2.51820054838593
H           2.25672849544417    2.05794171517929   -1.83476339126176
H           2.17613518362856    0.99613792477336    0.47649278896550
H           1.79274107960122   -0.54425806548615   -0.31550337340339
H           4.13432502795234   -0.67104444334739    1.30596618507187
H           3.54002826310956   -1.84478325920247    0.10024418789669
H           5.95872224958847   -2.16472322351755    0.55419512180556
H           5.67876679659238   -1.66380827912340   -1.14311897309793
H           8.00008931226276   -2.15191030372040   -0.82761711899490
H          10.40703063383127   -2.41241152000155   -0.43219488806866
H          11.61966805309030   -0.78904038001751    0.98980057114418
H           6.67113753126572    1.77975570873383   -0.54005480654068
H           6.15114968924712    0.59581804311136   -1.76429767435002
H           4.27822893835068    2.04032665433222   -1.14618037695243
H           4.49079996502479    1.65644573723950    0.58299592292339
H          -2.02571282255377    2.47020160750549   -0.96619497675188
H          -4.39160495935935    2.40670685095265   -0.43204545339177
H          -8.69779009544015   -2.55863543793186    0.92093680375252
62
 SCF done        -97.010163337816          0.006260539071
C         -11.26841629616810   -1.80583225840092    1.49753620764351
C         -10.09682527886866   -0.95355056650459    1.12503669392482
C         -10.26002707279823    0.45270429039587    1.04037386589268
C          -9.21874148067768    1.26197155636071    0.70936735906239
N          -8.00480357052644    0.72021873915015    0.45646286772645
C          -6.81295976460977    1.27278207476341    0.11790513697685
C          -5.91847501898523    0.22119597854548   -0.01009655808712
C          -4.50850108654852    0.27295586606534   -0.34496028506984
C          -3.78557616588887   -0.91497151315534   -0.47943169641446
C          -2.44428915240397   -0.88951142014959   -0.78249625022342
C          -1.78259686241797    0.32787081414216   -0.95878196534428
O          -0.45486190360076    0.25208560019146   -1.24773313107017
C           0.26316803697759    1.45830017652675   -1.39100819167439
C           1.72692569031952    1.11951914383384   -1.63553438915677
C           2.32329524384748    0.40304912016028   -0.42447584239438
N           3.72841470562489    0.09825809896448   -0.61936034080754
C           4.18266161856963   -0.98395766957121    0.23842585819328
C           5.62082609581081   -1.35014995418072   -0.12407296564488
N           6.44510408365502   -0.19155602498938    0.13816646320506
C           7.81215265030982   -0.36567631766248    0.32740568798901
C           8.51486797912880   -1.45927160238648   -0.18366692060560
C           9.86902352919037   -1.60885456766430    0.05072834786072
C          10.55800786660364   -0.68096288938321    0.81072790931501
C           9.87352027298010    0.39988632131222    1.35070363239097
Cl         10.72018763442849    1.53597783130431    2.33712918289548
C           8.51510575225261    0.55970338172294    1.11793117919458
Cl          7.67684282283194    1.87721967998275    1.84803408024180
C           6.02707350459953    0.91779357602560   -0.70535738318811
C           4.57229013650961    1.26289489039622   -0.40783931413179
C          -2.49652318031602    1.51449167074235   -0.82986092570365
C          -3.84472563530262    1.48144395718134   -0.52691865512158
N          -6.54279491159327   -0.95754163673858    0.24130732377397
C          -7.79363411535708   -0.66206699534304    0.52351400349103
C          -8.86723660226147   -1.49560292787968    0.86447831041563
H         -12.07757070978536   -1.67481276621940    0.77971909290923
H         -11.64578251710046   -1.52398093568116    2.48007091752127
H         -10.98890814960666   -2.85583138460513    1.51989504002369
H         -11.22496381132733    0.89013440375099    1.24221564547362
H          -9.30815982943405    2.33586742106887    0.63723430178381
H          -6.69023120121586    2.32888152163256   -0.00644011756588
H          -4.30625713223029   -1.84834648546752   -0.33695573193746
H          -1.87617589478956   -1.80104258979577   -0.88756308112041
H          -0.13701829865705    2.03837511993785   -2.23401760638842
H           0.17377024697423    2.06006393350571   -0.47455204985027
H           1.81027010871890    0.46907849114314   -2.50644832359614
H           2.26225480975068    2.04601671965894   -1.84343965700986
H           2.16292751411483    1.01265179056875    0.48323322945724
H           1.78012880901951   -0.53524708909490   -0.29353862805743
H           4.14610152311830   -0.69879488488704    1.30507555201608
H           3.53448283004137   -1.84942904707310    0.08602392346238
H           5.95802455654057   -2.18134152762697    0.49613417243792
H           5.65039297252670   -1.64553839986328   -1.18343418894518
H           7.99522269980966   -2.18438964877503   -0.78989751477794
H          10.39619909943340   -2.45002453742929   -0.37609543009632
H          11.61422904776044   -0.78921272391153    0.99667433957106
H           6.65848386513223    1.78604239084517   -0.52394072546712
H           6.11649754381378    0.63208182687457   -1.76679009919182
H           4.25665057749584    2.06182528968411   -1.08323324106124
H           4.49299715487361    1.63163280955101    0.63221724625432
H          -2.01605754556841    2.47107151678310   -0.96165721462733
H          -4.37961590840076    2.41371331901153   -0.42814284637828
H          -8.68617188632390   -2.55686095734429    0.91381369960567
62
 SCF done        -97.010453115025          0.005667984995
C         -11.26450522933076   -1.81058108579082    1.49547054450713
C         -10.09382625037368   -0.95742050349465    1.12290171504230
C         -10.25903059140973    0.44898795566088    1.03938628632185
C          -9.21902345479493    1.25905861234860    0.70893695542426
N          -8.00522211281574    0.71819311231825    0.45610209033865
C          -6.81390276185810    1.27440964840352    0.11934481107961
C          -5.91706208167523    0.22603191551813   -0.00863774352435
C          -4.50654503421906    0.27860106205307   -0.34218801021542
C          -3.78402452255826   -0.90890300005391   -0.47597919248107
C          -2.44332528754266   -0.88453213647284   -0.77969714360838
C          -1.78184537549283    0.33224404820232   -0.95841894888491
O          -0.45456034888355    0.25573690119193   -1.25012747160427
C           0.26514859374575    1.46041713979300   -1.40312234912213
C           1.72902837385283    1.11559481737681   -1.63539174636820
C           2.31883639030974    0.40932490646474   -0.41425691864174
N           3.72466938706705    0.10573161193899   -0.60476975434484
C           4.18326519411268   -0.99073673050514    0.23092262456065
C           5.61796460208285   -1.35154272643521   -0.15244507389973
N           6.44871358370823   -0.19827276527191    0.11283125785315
C           7.81064430155584   -0.36853078681472    0.31878858881127
C           8.51443764040768   -1.47643130949425   -0.16299381084629
C           9.86589611729604   -1.62919984329152    0.08015396420096
C          10.55885717487542   -0.68535776228528    0.81594559047989
C           9.87542983851957    0.40874426321915    1.32734740970762
Cl         10.72927045832647    1.56737433281515    2.28342627220780
C           8.51789696054992    0.56637212738970    1.09399359302640
Cl          7.68935135652004    1.89735896547167    1.81557579898458
C           6.01737979904741    0.92759537149821   -0.69949763761875
C           4.56820997043901    1.26572366704156   -0.37422234166592
C          -2.49517053969146    1.51905000041836   -0.82915146477249
C          -3.84258180269571    1.48656537285348   -0.52432209108113
N          -6.53964764285331   -0.95489263757667    0.24100628102037
C          -7.79056739313923   -0.66128199150293    0.52162025131491
C          -8.86430676717325   -1.49723579023240    0.86166379028918
H         -12.07379364082025   -1.67982319197515    0.77818298191644
H         -11.64177595715648   -1.52874502306394    2.47777289885990
H         -10.98367709280753   -2.85986188185286    1.51756926614301
H         -11.22551355262741    0.88157273399587    1.24241780321120
H          -9.30569843252722    2.33304487297334    0.63648125533364
H          -6.69453058049941    2.33064769533411   -0.00378657940421
H          -4.30390761483979   -1.84212951173259   -0.33282125971539
H          -1.87685896151456   -1.79664996988519   -0.88386690740780
H          -0.13151582748107    2.03003945662158   -2.25504995194110
H           0.16960609700893    2.07279622754880   -0.49437188449285
H           1.81482889431840    0.45612148530041   -2.49856461789687
H           2.26891367062611    2.03755647651617   -1.84978351009268
H           2.15560832304644    1.02792459386705    0.48664158020532
H           1.77438607600481   -0.52722447681981   -0.27708888941032
H           4.15521915425659   -0.72564550880802    1.30234977416480
H           3.53436501411090   -1.85362299732210    0.06631615696639
H           5.96013428380797   -2.19095034664655    0.45276249937328
H           5.63197677718214   -1.63289323149812   -1.21503769663183
H           7.99466345316312   -2.21177119954122   -0.75617768243619
H          10.38913410736730   -2.48416546371264   -0.32238966044448
H          11.61460032074058   -0.79089731640428    1.00455921281866
H           6.65234406194330    1.79107706302206   -0.50975154791695
H           6.08993109558816    0.66434346708251   -1.76827165637691
H           4.24279383618468    2.07957478047836   -1.02612712422457
H           4.50096498805371    1.60798415464457    0.67521405806543
H          -2.01510130608510    2.47537522798962   -0.96230090028195
H          -4.37573229385256    2.41954358744230   -0.42491308151313
H          -8.68101743910137   -2.55801846630952    0.90963933663872
62
 SCF done        -97.010639303838          0.004828754037
C         -11.26679456806911   -1.81454948505992    1.49461891264196
C         -10.09525120602579   -0.96213033864899    1.12218741124367
C         -10.26232429090673    0.44384146794425    1.03950962408590
C          -9.22317154898406    1.25515534322162    0.70975334597281
N          -8.00945793176357    0.71495397672877    0.45749022716419
C          -6.81879265917795    1.27437672619622    0.12242536141614
C          -5.91935746173059    0.22874183047065   -0.00542782039290
C          -4.50850929945011    0.28302440648323   -0.33895731893663
C          -3.78415203883445   -0.90320579797455   -0.47259941594309
C          -2.44409062241608   -0.87781489945127   -0.77818540784932
C          -1.78315198097614    0.33895107607374   -0.96047866320091
O          -0.45633118400641    0.26156540815501   -1.25514052500122
C           0.26753348122899    1.46300714810498   -1.41516245608239
C           1.73274713690323    1.11310097018983   -1.63558384902664
C           2.31851402132721    0.41503921747648   -0.40709903225733
N           3.72553763639528    0.11373654590975   -0.59371770601456
C           4.18641097789472   -0.99524524020809    0.22187353870666
C           5.61968761769046   -1.35080017320147   -0.17359385848922
N           6.45428643768635   -0.20062612739629    0.09298389996910
C           7.81213862611351   -0.37094598626647    0.31118966885471
C           8.51551262197429   -1.49057059567765   -0.14621641515206
C           9.86432792603287   -1.64644869350457    0.10508533594920
C          10.56245323144594   -0.69106287689328    0.82079313729596
C           9.88061419593238    0.41386919284133    1.30811050764137
Cl         10.73816461535396    1.58827177140300    2.24189090129219
C           8.52349204425601    0.57130703308421    1.07372597726121
Cl          7.70289352816720    1.91276524696306    1.78973694369224
C           6.01379875159912    0.93556168522713   -0.69520463088827
C           4.56939036569198    1.26875955108111   -0.34690777620880
C          -2.49837898463033    1.52484303607838   -0.83157123736658
C          -3.84517214053177    1.49105667650129   -0.52351394154235
N          -6.53998705717880   -0.95409381537608    0.24289218598773
C          -7.79178432183422   -0.66290143453595    0.52210491016579
C          -8.86501545856486   -1.50086714779997    0.86089575336761
H         -12.07571844679425   -1.68221227922000    0.77729260174294
H         -11.64395410423877   -1.53109275895536    2.47647473086420
H         -10.98744857371835   -2.86392329577708    1.51719764817130
H         -11.23024489989551    0.87275264800727    1.24301466485363
H          -9.30730145467517    2.32938008796003    0.63657492261118
H          -6.70326230375737    2.33113741333319    0.00028374523403
H          -4.30258375257596   -1.83700932402806   -0.32782325776966
H          -1.87735900930857   -1.78956726923279   -0.88206456033700
H          -0.12202500157726    2.02475878874247   -2.27601567030045
H           0.16715835640901    2.08561586870264   -0.51400569916009
H           1.82212641360897    0.44762227225894   -2.49334529727222
H           2.27544925509069    2.03248607235881   -1.85338972649131
H           2.15279185742864    1.04004510634400    0.48856407515364
H           1.77515359036951   -0.52105628227889   -0.26529512301920
H           4.16245045270610   -0.74923864259365    1.29806110704019
H           3.53816172879282   -1.85619603458000    0.04444005508779
H           5.96486686305548   -2.19522940881323    0.42319658185301
H           5.62603643024676   -1.62411894050301   -1.23854005309794
H           7.99484034598666   -2.23454784501309   -0.72789587943059
H          10.38329921502415   -2.51325123606057   -0.27600447734219
H          11.61740912636338   -0.79517047815289    1.01260470298027
H           6.65212095393649    1.79542393077840   -0.50162295974944
H           6.07153372031778    0.68842063905602   -1.76849837194877
H           4.23611794865674    2.09557164420624   -0.97741348841129
H           4.51405052022519    1.58815226606620    0.71026335824957
H          -2.01977175296975    2.48155217039768   -0.96812510036304
H          -4.37872400473288    2.42381318947283   -0.42406690925042
H          -8.68075393458768   -2.56138400061554    0.90803079174628
62
 SCF done        -97.010748075645          0.003613153350
C         -11.27192037545839   -1.81812650028448    1.49405575674576
C         -10.09885188045895   -0.96676089399379    1.12233146747771
C         -10.26757334448467    0.43863773562682    1.04013527632794
C          -9.22901545473461    1.25147856202166    0.71136267838648
N          -8.01481518042729    0.71206211808027    0.46000014167311
C          -6.82478679158147    1.27371410989361    0.12619992880884
C          -5.92314946201276    0.22981599980157   -0.00155684731832
C          -4.51226062655591    0.28633721147190   -0.33618722706378
C          -3.78509948002268   -0.89855777175951   -0.46940516414622
C          -2.44560914194460   -0.87105867456240   -0.77742633656015
C          -1.78555368943356    0.34606658940706   -0.96378129864663
O          -0.45906950658095    0.26745920514872   -1.26030669895306
C           0.26938642135914    1.46528507987019   -1.42433827213418
C           1.73630970173654    1.11179573136084   -1.63516512559056
C           2.32038130705001    0.41999481604783   -0.40201204057114
N           3.72876936081340    0.12196783628754   -0.58661573471087
C           4.19072591025128   -0.99782556300522    0.21158355911464
C           5.62424948001174   -1.34880193768190   -0.18869143939247
N           6.46062248766750   -0.20019336657560    0.07901032128381
C           7.81564444008139   -0.37242570743029    0.30477188137080
C           8.51640063191694   -1.50176938122205   -0.13355851079044
C           9.86299694140351   -1.66090051471076    0.12503565374291
C          10.56621922839629   -0.69800351205774    0.82555642559256
C           9.88731819214623    0.41618311888727    1.29426126772051
Cl         10.74675764117645    1.60149467296868    2.21144282414398
C           8.53038192197091    0.57527339226736    1.05777210076452
Cl          7.71569173241706    1.92533600403973    1.76806081390406
C           6.01435425995359    0.94216730866825   -0.69288371750638
C           4.57353238142206    1.27249885924209   -0.32597598162650
C          -2.50373802820982    1.53062906225800   -0.83645549971487
C          -3.85016422647595    1.49480750266794   -0.52499695624691
N          -6.54207507025842   -0.95425853456111    0.24601399423459
C          -7.79513952309947   -0.66563263297671    0.52434496342359
C          -8.86750570361191   -1.50502150962988    0.86173436405148
H         -12.08019146939273   -1.68386466076498    0.77615744758226
H         -11.64932806370435   -1.53306512041642    2.47551120337601
H         -10.99515826017501   -2.86814031905869    1.51731093394914
H         -11.23650412736662    0.86574407308755    1.24319625886674
H          -9.31252864507398    2.32583296398778    0.63771597724305
H          -6.71244768913599    2.33111108144002    0.00484963519562
H          -4.30180740298965   -1.83323535073746   -0.32218851136055
H          -1.87728587397222   -1.78196135847237   -0.88100828799639
H          -0.11220314689378    2.02202847909861   -2.29237711987875
H           0.16599523215113    2.09585539646091   -0.52938217122444
H           1.82936248471564    0.44253731926574   -2.48956748784120
H           2.28055693959320    2.03001931156065   -1.85488974955868
H           2.15251661682388    1.04857038571987    0.49022498568386
H           1.77962798293067   -0.51675060012030   -0.25677924857466
H           4.16774504232775   -0.76830051550822    1.29185932413776
H           3.54342871174802   -1.85702181380399    0.02255658529570
H           5.97012224231422   -2.19535382868574    0.40495987790534
H           5.63020841187512   -1.61880680032338   -1.25482533975208
H           7.99452240554839   -2.25234738922730   -0.70564781682338
H          10.37763380632378   -2.53745115901179   -0.23847908421120
H          11.62024645094578   -0.80285491118169    1.02076304202111
H           6.65549027129586    1.79988878968907   -0.50025812891854
H           6.05873909328716    0.70465707196290   -1.76855694859097
H           4.23474718926461    2.11074084287108   -0.93754138339717
H           4.52910196391410    1.57266559587861    0.73734532299965
H          -2.02697183683503    2.48795801652816   -0.97760610749153
H          -4.38555232127811    2.42679226023701   -0.42641821772923
H          -8.68328056266528   -2.56551617604146    0.90855844129839
62
 SCF done        -97.010797983261          0.002422520352
C         -11.27647266599556   -1.82098238295954    1.49332074465469
C         -10.10234787623594   -0.97000099520547    1.12286650504756
C         -10.27205453701857    0.43497342805085    1.04065295918829
C          -9.23380321631595    1.24905185634560    0.71297347467174
N          -8.01875881532624    0.71063173737604    0.46258901993679
C          -6.82921144561648    1.27314693951332    0.12922584963076
C          -5.92635004466834    0.22982957927050    0.00144354693755
C          -4.51564242655343    0.28822988936765   -0.33483297602137
C          -3.78616691270755   -0.89581487627820   -0.46686873243180
C          -2.44708306361222   -0.86646348860823   -0.77677381957071
C          -1.78801405699055    0.35105955902479   -0.96654463098969
O          -0.46155846090489    0.27136025546574   -1.26319828037366
C           0.26991310987670    1.46679824000909   -1.42824326074415
C           1.73800348756256    1.11177973259034   -1.63408728687051
C           2.32258687341033    0.42355623956186   -0.39919109023589
N           3.73201355396503    0.12855981173969   -0.58400529227943
C           4.19446563983876   -0.99827031084082    0.20284010324673
C           5.62914809218579   -1.34652242194659   -0.19695381243222
N           6.46567462782340   -0.19832721154333    0.07242794681623
C           7.81952993008708   -0.37246175158364    0.30081186562977
C           8.51650031127131   -1.50831176415591   -0.12620281053127
C           9.86168221414074   -1.67076736288620    0.13762848799420
C          10.56852634545416   -0.70457193348600    0.82965726872808
C           9.89340745457447    0.41637779383190    1.28735420771652
Cl         10.75446325541468    1.60708648955108    2.19437488391072
C           8.53672641169686    0.57804006886505    1.04844841381925
Cl          7.72595828041083    1.93409874474537    1.75313670719245
C           6.01646789320947    0.94659187877212   -0.69260003498025
C           4.57783436314457    1.27598254034341   -0.31419443940803
C          -2.50867711505964    1.53455249722163   -0.84188957412642
C          -3.85495799485775    1.49710606844948   -0.52829666932821
N          -6.54427383597879   -0.95456840295010    0.24903788109859
C          -7.79827970339134   -0.66780277281105    0.52718975578085
C          -8.86996533446955   -1.50784051013975    0.86352098959026
H         -12.08401039692239   -1.68565853461154    0.77458860068773
H         -11.65465089448629   -1.53545915224420    2.47449449313047
H         -11.00145590092559   -2.87159395959047    1.51693624732738
H         -11.24140222528667    0.86205816681991    1.24252363897817
H          -9.31878407629030    2.32331326950971    0.63930665996151
H          -6.71842700770038    2.33092730412758    0.00834933473497
H          -4.30135038511466   -1.83115551103387   -0.31701831778410
H          -1.87697388772293   -1.77654566520966   -0.87960669568863
H          -0.10641102272968    2.02163787419444   -2.29986734143912
H           0.16527806156916    2.10113896632605   -0.53645790075269
H           1.83328288747464    0.44085771762217   -2.48711644517342
H           2.28271062157862    2.02975581300922   -1.85490841571362
H           2.15349837312351    1.05311008908457    0.49168548698262
H           1.78443141222585   -0.51427432588988   -0.25187082280431
H           4.17020031803037   -0.77972956412300    1.28561801879362
H           3.54813039296258   -1.85616027316000    0.00527875304412
H           5.97411909196232   -2.19371316946020    0.39701732060027
H           5.63869820146471   -1.61611948484919   -1.26381803674191
H           7.99351412233268   -2.26231862912155   -0.69235604577319
H          10.37275626122998   -2.55350459054694   -0.21511960864734
H          11.62172592686777   -0.81215618073446    1.02778994031254
H           6.65956710731243    1.80357655893346   -0.50397653231638
H           6.05142578950171    0.71185935586094   -1.76879320563989
H           4.23646362727592    2.12186749217693   -0.91291231007665
H           4.54063695452028    1.56335823164112    0.75268139374758
H          -2.03350765134568    2.49234621367955   -0.98724749841189
H          -4.39235981164121    2.42831539746582   -0.43160949936672
H          -8.68619022763147   -2.56844057457712    0.91059088676218
62
 SCF done        -97.010822678490          0.001719461425
C         -11.27939678797026   -1.82334693772068    1.49222418300158
C         -10.10491210630739   -0.97199646205247    1.12341051958949
C         -10.27509043509201    0.43278164316039    1.04093842799531
C          -9.23691283052130    1.24763130156294    0.71434016652377
N          -8.02104354095313    0.71026555214533    0.46481736542534
C          -6.83184362953977    1.27284937565404    0.13121278383929
C          -5.92852435113883    0.22951123269349    0.00322970562407
C          -4.51807602354333    0.28912875613982   -0.33468663697276
C          -3.78710666836600   -0.89448766600525   -0.46480098201302
C          -2.44821505344426   -0.86403229776375   -0.77564243544778
C          -1.79006238212121    0.35375972073614   -0.96801936716155
O          -0.46333165515836    0.27346458393883   -1.26358165103807
C           0.26938526146870    1.46804702379221   -1.42790878114720
C           1.73797971878625    1.11302402197274   -1.63273332924474
C           2.32447347073338    0.42617252852081   -0.39812484508711
N           3.73442530814228    0.13320085276649   -0.58477107581541
C           4.19680292507967   -0.99757623995853    0.19596145484387
C           5.63299394358730   -1.34418126893661   -0.20029829199903
N           6.46912215941241   -0.19603600899637    0.07035066699563
C           7.82287620619050   -0.37154916222488    0.29881562638626
C           8.51622261582134   -1.51139252724713   -0.12249588729283
C           9.86055407599290   -1.67715321956101    0.14470001996374
C          10.56961469396829   -0.71040341575501    0.83320398692541
C           9.89820008287539    0.41519278731381    1.28518394664535
Cl         10.76147663410989    1.60744542265560    2.18653384057298
C           8.54198444499805    0.57988467426734    1.04389985385524
Cl          7.73444056908515    1.94065258579912    1.74305513823580
C           6.01856074394028    0.94918174308083   -0.69404465102778
C           4.58120388378257    1.27877489209448   -0.30948754013702
C          -2.51239298689503    1.53658869912985   -0.84668859313615
C          -3.85870907047615    1.49820461724964   -0.53238780274387
N          -6.54595580348324   -0.95472826702255    0.25134582699984
C          -7.80035259988631   -0.66897624270103    0.52980532240835
C          -8.87171576570519   -1.50919915098440    0.86550271143108
H         -12.08620780116904   -1.68778499093528    0.77261620720801
H         -11.65873585209211   -1.53842376071896    2.47319045243218
H         -11.00478834354586   -2.87422079791355    1.51573014162514
H         -11.24453898517569    0.86054015304707    1.24140201379336
H          -9.32415758843665    2.32169673174417    0.64096176053956
H          -6.72134864431471    2.33075624382344    0.01062911142277
H          -4.30108886732314   -1.83019309644729   -0.31255563457937
H          -1.87677365583864   -1.77355697717345   -0.87717171595284
H          -0.10491032847316    2.02297725249401   -2.30024179214407
H           0.16440246425714    2.10286774740514   -0.53670007766874
H           1.83377887671853    0.44179482939156   -2.48561675798709
H           2.28246667725779    2.03114529333566   -1.85425571691842
H           2.15534567362677    1.05534194751622    0.49277523617327
H           1.78811889858033   -0.51256856288856   -0.24964792887286
H           4.17000984559013   -0.78531925443566    1.27988927813025
H           3.55159981854342   -1.85480991859529   -0.00755231151690
H           5.97588623506440   -2.19047719465506    0.39624089723284
H           5.64746839067302   -1.61584249921742   -1.26674663562844
H           7.99230796761776   -2.26645916247979   -0.68586786632716
H          10.36886130703215   -2.56355204829015   -0.20241433234826
H          11.62215690435797   -0.82144051205308    1.03362966417451
H           6.66300605724946    1.80605047499758   -0.50976058203374
H           6.04798292879113    0.71308480455747   -1.76976039962903
H           4.23891451973841    2.12928420164914   -0.90052149523630
H           4.54810513845071    1.55816957839628    0.75930087911793
H          -2.03847504466884    2.49462807694437   -0.99534334137124
H          -4.39763498168073    2.42890391004256   -0.43835554876547
H          -8.68822665820398   -2.56989561728522    0.91308681813271
62
 SCF done        -97.010841635524          0.001779882691
C         -11.28101349813286   -1.82680070513844    1.48986854384162
C         -10.10699437397798   -0.97379569505274    1.12385988915583
C         -10.27755114096689    0.43085028121140    1.04096218241286
C          -9.23931970573584    1.24646136678145    0.71589686808781
N          -8.02246737306507    0.71080350311066    0.46738041918827
C          -6.83369540085120    1.27299498750403    0.13273370476307
C          -5.93032885629662    0.22932548279619    0.00424816540785
C          -4.52028143394095    0.28970536941428   -0.33565130018003
C          -3.78809445988590   -0.89376258854272   -0.46161168453649
C          -2.44918405520184   -0.86283037635753   -0.77241237897095
C          -1.79221354400066    0.35510573167036   -0.96809538516231
O          -0.46474527946123    0.27480524152947   -1.26077761702746
C           0.26757207140712    1.47000705759539   -1.42304927581652
C           1.73615346469828    1.11636151010761   -1.63037897199253
C           2.32649724102075    0.42982644558391   -0.39757097929677
N           3.73653087248151    0.13832502802623   -0.58808195977772
C           4.19863350246671   -0.99569539157250    0.18818164398476
C           5.63705751927058   -1.34109804325608   -0.20224981178449
N           6.47200619448914   -0.19263844756090    0.07066224479263
C           7.82631143872022   -0.36967305001547    0.29751847290296
C           8.51485311042326   -1.51388276714297   -0.11912820809417
C           9.85827089039037   -1.68463839025833    0.15147059965339
C          10.56957107653286   -0.71858568500414    0.83831186051792
C           9.90327674333505    0.41264290282892    1.28495581251948
Cl         10.77070817237983    1.60488891722612    2.18099367263137
C           8.54812549622277    0.58226646589446    1.04002846552783
Cl          7.74564260585213    1.95034937136916    1.72945199297156
C           6.02076226910501    0.95156333267827   -0.69739213025565
C           4.58468445707860    1.28213497201811   -0.30816683652382
C          -2.51603458724928    1.53750006969851   -0.85267661867241
C          -3.86260689836586    1.49871435980326   -0.53911240235240
N          -6.54734409890204   -0.95446172878231    0.25350719107803
C          -7.80167921747607   -0.66929480254193    0.53285602777040
C          -8.87276569169167   -1.50964015187290    0.86806940211545
H         -12.08679293735660   -1.69176613757601    0.76898974856109
H         -11.66251342821424   -1.54389921784466    2.47057483206408
H         -11.00511923179790   -2.87749010062275    1.51258682456823
H         -11.24699724299955    0.85966138183006    1.23943991973831
H          -9.33005954014345    2.32022499391089    0.64323961709008
H          -6.72246042607134    2.33083140781226    0.01243082115887
H          -4.30091793517052   -1.82952216376960   -0.30600642984238
H          -1.87645767311614   -1.77193064690122   -0.87086291898481
H          -0.10755150142831    2.02669464390653   -2.29371673730346
H           0.16277354198168    2.10251187054317   -0.53012801754423
H           1.83072528396800    0.44533330761483   -2.48374465976484
H           2.27976208243418    2.03481973876356   -1.85310736406737
H           2.15879497110388    1.05793760246714    0.49429647775404
H           1.79158465280408   -0.50969307268996   -0.24792490026970
H           4.16734908003729   -0.78916552182992    1.27302026462816
H           3.55526985682727   -1.85253584709735   -0.02241383864092
H           5.97716296105152   -2.18679193373125    0.39796980052386
H           5.65767676723650   -1.61529754016861   -1.26871482138049
H           7.98950336136482   -2.26891515602704   -0.68085966740572
H          10.36312089445661   -2.57460590533314   -0.19145097262395
H          11.62123922307857   -0.83477868239028    1.04165244663958
H           6.66670486681786    1.80847883471038   -0.51892286485493
H           6.04559480747102    0.71050189801366   -1.77188118478618
H           4.24188323039056    2.13672910416288   -0.89253970961667
H           4.55505043421721    1.55395615455050    0.76220725584196
H          -2.04343599518469    2.49555960082624   -1.00527456679085
H          -4.40303564556578    2.42906113463037   -0.45014591987367
H          -8.68899196886562   -2.57034432150937    0.91648496630328
62
 SCF done        -97.010851653552          0.001439661373
C         -11.28075807658038   -1.82819641542868    1.48842066113001
C         -10.10716567245316   -0.97425166624761    1.12382528849835
C         -10.27785000871997    0.43055015021666    1.04104128956568
C          -9.23950164747964    1.24609010393392    0.71646888639741
N          -8.02261283605749    0.71074475015669    0.46801575448445
C          -6.83398226224881    1.27294458313233    0.13254472659135
C          -5.93074727548790    0.22935929541898    0.00371896915246
C          -4.52078604478355    0.28948614386102   -0.33652515747540
C          -3.78822886800319   -0.89389711566033   -0.45956615360284
C          -2.44904093166578   -0.86327427058842   -0.76939607521808
C          -1.79261659843456    0.35457587705229   -0.96668290386055
O          -0.46462735437782    0.27519125374292   -1.25775246398921
C           0.26640475129034    1.47179379946737   -1.41839037059424
C           1.73466412168797    1.11978140613211   -1.62939319050438
C           2.32736462703195    0.43144392235713   -0.39876658175701
N           3.73686527381099    0.13868604502234   -0.59183878317211
C           4.19789881153197   -0.99466497358226    0.18615134736681
C           5.63736653213632   -1.33984938853336   -0.19967864125626
N           6.47230400070091   -0.19130986328064    0.07159394086871
C           7.82693587386066   -0.36892585252528    0.29809311948667
C           8.51468994051277   -1.51302144840920   -0.11937304981923
C           9.85776840132267   -1.68586723625534    0.15149410048336
C          10.56944916305109   -0.72195412756218    0.84046609429673
C           9.90443122317900    0.40976079922047    1.28681777409023
Cl         10.77423400670264    1.59994630330813    2.18335349323699
C           8.55001525310062    0.58196134251418    1.04038270416372
Cl          7.75054950911719    1.95294384416153    1.72622528383306
C           6.02177920376770    0.95104551153861   -0.70036272562777
C           4.58578816522606    1.28230721503046   -0.31272412331611
C          -2.51693802509377    1.53691124908607   -0.85455638070599
C          -3.86377580873619    1.49830626375102   -0.54233069341518
N          -6.54760732791298   -0.95449728883682    0.25362469577049
C          -7.80154420984342   -0.66902169686781    0.53346818292823
C          -8.87275893055169   -1.50948015736731    0.86875531984080
H         -12.08602148777256   -1.69340528169924    0.76698303156758
H         -11.66335173530718   -1.54647940537643    2.46898158653415
H         -11.00370138177714   -2.87851700895732    1.51047470441688
H         -11.24743126993951    0.85907521933260    1.23919242926349
H          -9.33049353938741    2.31984807986289    0.64413657263556
H          -6.72230001470115    2.33069125879502    0.01229269158743
H          -4.30061023942101   -1.82956262412704   -0.30239817790493
H          -1.87622916700277   -1.77249995609335   -0.86535293175926
H          -0.11132667020716    2.03038863399089   -2.28670165951022
H           0.16195302458436    2.10138974277589   -0.52316599034371
H           1.82745498861306    0.44999088161037   -2.48377678054568
H           2.27735812946358    2.03866755427989   -1.85190524525550
H           2.16199419825248    1.05880857414089    0.49414934884776
H           1.79168636427311   -0.50762590749266   -0.24913878175509
H           4.16330981440078   -0.78725068846371    1.27035126279752
H           3.55563940267312   -1.85198053402731   -0.02582221972990
H           5.97533806638273   -2.18278843856309    0.40430770173769
H           5.66044866473182   -1.61834486771954   -1.26400950647115
H           7.98884286733346   -2.26639930175864   -0.68273707467724
H          10.36161229461501   -2.57587512306126   -0.19238927997661
H          11.62070876096133   -0.83993338439149    1.04490915740777
H           6.66769034810148    1.80811326156992   -0.52294104617952
H           6.04805870169332    0.70691108081498   -1.77402862385843
H           4.24361357161063    2.13614166413255   -0.89815879242949
H           4.55559863576007    1.55485434123393    0.75703838980106
H          -2.04485780514504    2.49488985079637   -1.00855304290605
H          -4.40441924134953    2.42874409784869   -0.45640984120381
H          -8.68833226104130   -2.57007007741268    0.91734778003931
62
 SCF done        -97.010859349206          0.001676523240
C         -11.27765818520337   -1.83113505433519    1.48551167848017
C         -10.10532292738888   -0.97503638444186    1.12271876143692
C         -10.27660330365522    0.42985396727542    1.04066577961401
C          -9.23842740550334    1.24572958951352    0.71660237538026
N          -8.02160445973030    0.71107243319076    0.46771845829689
C          -6.83321615855911    1.27364760215021    0.13124829920807
C          -5.93004333730102    0.23043692878653    0.00189144948024
C          -4.52011814121254    0.28959317294610   -0.33774019256168
C          -3.78735190219898   -0.89394907257424   -0.45511641502825
C          -2.44758972512449   -0.86442930738023   -0.76249784761153
C          -1.79182358754157    0.35308908948166   -0.96257037551872
O          -0.46312719743321    0.27552635309114   -1.25099394996979
C           0.26485724922026    1.47468442896842   -1.41031771619166
C           1.73232222159597    1.12499569596107   -1.62727864995398
C           2.32763203477323    0.43480786804323   -0.39876179655607
N           3.73599157866565    0.13974902928460   -0.59508534748527
C           4.19639314365506   -0.99349129875689    0.18451772998691
C           5.63644483863328   -1.33931753724676   -0.20016631969486
N           6.47113081177385   -0.19045780776054    0.07102589351391
C           7.82568708279447   -0.36841545258230    0.29771303525362
C           8.51224991657527   -1.51521423329213   -0.11713767033912
C           9.85452686934554   -1.69123083101629    0.15490860050354
C          10.56727607667070   -0.72736530885493    0.84413594682851
C           9.90408502551484    0.40794074406778    1.28567200804418
Cl         10.77679367789017    1.59764558759477    2.18167099998639
C           8.55084533691252    0.58374704647387    1.03662329497199
Cl          7.75660746234469    1.96147425843917    1.71387900825780
C           6.02129641751887    0.95094964482089   -0.70402098145153
C           4.58563484235372    1.28332180760916   -0.31726352972992
C          -2.51647002509741    1.53567307351692   -0.85596739775657
C          -3.86378596366866    1.49795042248209   -0.54670925259642
N          -6.54643886908219   -0.95377941982319    0.25228601493181
C          -7.79979224886023   -0.66790690352607    0.53275723752961
C          -8.87064404827066   -1.50912721220258    0.86804135084563
H         -12.08243814931420   -1.69711733635074    0.76349080025018
H         -11.66175948306880   -1.55147530292310    2.46597064126893
H         -10.99793614011225   -2.88061063213665    1.50634741191261
H         -11.24649478164955    0.85726505571479    1.23909394225362
H          -9.32925025836717    2.31958773659902    0.64497986318085
H          -6.72090870283857    2.33125951993821    0.01112764751238
H          -4.29982225943254   -1.82902524507245   -0.29545221704506
H          -1.87481344402027   -1.77403570261889   -0.85368270955713
H          -0.11778952495435    2.03569531185184   -2.27499370618465
H           0.16137718653235    2.10019698485594   -0.51169833463950
H           1.82220549927440    0.45593248172107   -2.48250437507164
H           2.27377915346111    2.04426127496422   -1.85047675319476
H           2.16582123062106    1.06217097851816    0.49510058831661
H           1.79028595769554   -0.50320024192763   -0.24869400537826
H           4.15921924108511   -0.78601989650921    1.26894464315586
H           3.55490068286544   -1.85102191337203   -0.02943925235337
H           5.97458949067494   -2.18319380054868    0.40402100498343
H           5.65852871492201   -1.61720707861276   -1.26552019056111
H           7.98514132866997   -2.26832084875635   -0.68080374791816
H          10.35672227933040   -2.58305818017258   -0.18833174877082
H          11.61773609123024   -0.84743194088066    1.05101769024115
H           6.66751787230253    1.80769679603619   -0.52682754525689
H           6.04888919133952    0.70437223446678   -1.77756696962932
H           4.24295922244055    2.13689015446144   -0.90386235691008
H           4.55551526059122    1.55627915368060    0.75283857384549
H          -2.04452177395251    2.49321592441694   -1.01173912156177
H          -4.40454035358223    2.42864142015924   -0.46582665150430
H          -8.68447063215186   -2.56937982740662    0.91632639851140
62
 SCF done        -97.010866284705          0.000906087326
C         -11.27865972767494   -1.83223195795088    1.48494909919683
C         -10.10594988179010   -0.97633528039408    1.12243713495944
C         -10.27761706506870    0.42851191091821    1.04082677615833
C          -9.23968423535667    1.24470510244049    0.71681431306730
N          -8.02282849551190    0.70995417286289    0.46772418405552
C          -6.83459128137383    1.27309774009246    0.13140202797634
C          -5.93095120433597    0.23032025429388    0.00206748956238
C          -4.52093619446223    0.28993680086994   -0.33726657297955
C          -3.78700490100515   -0.89314109999259   -0.45260562608368
C          -2.44717524873727   -0.86300769656373   -0.75972240322197
C          -1.79203681804736    0.35460687801139   -0.96169316428971
O          -0.46329248713941    0.27743081614761   -1.24998876644924
C           0.26487505942662    1.47638950761397   -1.40905102727313
C           1.73254298763423    1.12718337097576   -1.62660178923910
C           2.32859940133680    0.43606167982055   -0.39906067526475
N           3.73682007011882    0.14032797252573   -0.59623169298150
C           4.19670095165545   -0.99268299076059    0.18343278522917
C           5.63687929473673   -1.33895471255760   -0.20007270873054
N           6.47213386236869   -0.19000675725464    0.06937871435083
C           7.82625808349222   -0.36881967951022    0.29718788527226
C           8.51221122462140   -1.51598633799757   -0.11639039035283
C           9.85397124898416   -1.69305998440315    0.15671711119967
C          10.56756909009002   -0.73005196180710    0.84567544662226
C           9.90507042637247    0.40546377334023    1.28557147081033
Cl         10.77833454141276    1.59550262659464    2.18074052668367
C           8.55208024245280    0.58285175364239    1.03547315395594
Cl          7.75961878036080    1.96258038534688    1.71092165783010
C           6.02279120158675    0.95077838419170   -0.70555046942216
C           4.58717290272045    1.28337180832221   -0.31935150260121
C          -2.51784044617860    1.53675443081680   -0.85700885377326
C          -3.86523463494296    1.49847063049880   -0.54805268488233
N          -6.54696841280409   -0.95423744594918    0.25233845948486
C          -7.80058427845476   -0.66884995301568    0.53267578204461
C          -8.87120359749921   -1.51048438630926    0.86768746972886
H         -12.08320050622751   -1.69779459502877    0.76268499018943
H         -11.66290442368168   -1.55234744874268    2.46531217224682
H         -10.99950267134418   -2.88184680364809    1.50587464513310
H         -11.24773013168783    0.85532739593215    1.23960014533955
H          -9.32988060738477    2.31864197677036    0.64519269741889
H          -6.72308232499968    2.33084285644980    0.01137595800761
H          -4.29883115172791   -1.82839613048813   -0.29149505048396
H          -1.87376291533092   -1.77242532129991   -0.84927365970339
H          -0.11743104750201    2.03779818378600   -2.27354841412305
H           0.16174128117546    2.10174857140849   -0.51041641948941
H           1.82254608894094    0.45919118812355   -2.48258813694676
H           2.27343049621411    2.04702251879204   -1.84888286237635
H           2.16785863767618    1.06307198970514    0.49512589005019
H           1.79097095294782   -0.50175078379972   -0.24903730444764
H           4.15856276605651   -0.78507246206157    1.26775579894686
H           3.55509168065913   -1.85003324187856   -0.03076828639761
H           5.97452253244425   -2.18161241927592    0.40574627975303
H           5.65963867950730   -1.61882838237095   -1.26475686139213
H           7.98473328607637   -2.26875917291443   -0.67974845989771
H          10.35541820346419   -2.58530573246317   -0.18536450084499
H          11.61765689712577   -0.85090001861587    1.05370276715011
H           6.66904094566999    1.80768536385816   -0.52896831633016
H           6.05032200753240    0.70420055775159   -1.77891861783407
H           4.24518641932593    2.13600269786186   -0.90673356077836
H           4.55696021472367    1.55789015222506    0.74990041652709
H          -2.04646484414840    2.49442986503129   -1.01420666949247
H          -4.40681011042123    2.42887491283158   -0.46883461129530
H          -8.68495081407288   -2.57070547279930    0.91569681042775
62
 SCF done        -97.010874050341          0.001070330890
C         -11.27952111330749   -1.83502770053618    1.48343912996252
C         -10.10637742511976   -0.97931520889185    1.12115372844293
C         -10.27884241096040    0.42551369008865    1.04082983779248
C          -9.24158157183813    1.24253906434643    0.71694272716384
N          -8.02454049296871    0.70786460537803    0.46714094220721
C          -6.83658451898120    1.27224651641540    0.13163272430579
C          -5.93199740817463    0.23028740813285    0.00226651114973
C          -4.52173877108229    0.29107529265865   -0.33590005965934
C          -3.78563037082168   -0.89115943544805   -0.44707840212770
C          -2.44560453451580   -0.85979118305632   -0.75340602059698
C          -1.79185385877644    0.35804730484483   -0.95896099884965
O          -0.46310067892177    0.28146007794673   -1.24703420789439
C           0.26502921789294    1.48004211282935   -1.40679596340195
C           1.73306447736606    1.13139349265163   -1.62470273222973
C           2.32998301387084    0.43892998294242   -0.39850013752236
N           3.73782532349239    0.14226278526879   -0.59765283659549
C           4.19719033163717   -0.99136382472320    0.18098189398270
C           5.63682212080224   -1.33844479028752   -0.20252377366330
N           6.47385481609911   -0.19007967276838    0.06356069688716
C           7.82692528183332   -0.36982332813785    0.29446168572861
C           8.51125762150382   -1.52021796755471   -0.11344037073789
C           9.85189414553219   -1.69949067622173    0.16286361442441
C          10.56720379661393   -0.73542516135145    0.84878702825534
C           9.90655637320600    0.40345561863073    1.28219636200443
Cl         10.78029536485790    1.59464528832399    2.17552798378571
C           8.55398231771325    0.58296366023718    1.03000252783140
Cl          7.76430498140433    1.96560139392591    1.70246459441599
C           6.02437953909272    0.95077854171580   -0.70954659785361
C           4.58910534836525    1.28479006580660   -0.32173360281417
C          -2.51975033284216    1.53937445687009   -0.85795558301152
C          -3.86733624575660    1.49999226192216   -0.54978633003912
N          -6.54727468824463   -0.95496137547180    0.25165064308462
C          -7.80148915052594   -0.67076614530991    0.53150599897459
C          -8.87158374684814   -1.51336726097941    0.86571509029868
H         -12.08386881535647   -1.70004447009288    0.76097773369898
H         -11.66375569226833   -1.55485233549127    2.46377332947667
H         -11.00118791699042   -2.88491453127536    1.50443865013448
H         -11.24928191644347    0.85129608096799    1.24057885731790
H          -9.33106214433534    2.31657730314500    0.64570154532959
H          -6.72664321365091    2.33029919032614    0.01215234892185
H          -4.29625354033918   -1.82669798383094   -0.28324315383078
H          -1.87077754723429   -1.76872716857239   -0.83975161051332
H          -0.11662950225327    2.04116096101493   -2.27170250794710
H           0.16243445366918    2.10615132516857   -0.50877394913915
H           1.82366595916482    0.46492736495931   -2.48183516827719
H           2.27319617632805    2.05212682056680   -1.84554569537777
H           2.17083344241656    1.06530507365255    0.49622646285352
H           1.79198671059115   -0.49866467359294   -0.24854525861876
H           4.15993351276014   -0.78367962756570    1.26536567289698
H           3.55464873927735   -1.84815559456730   -0.03223581489237
H           5.97363450881903   -2.17889372109876    0.40514170014742
H           5.65968533990485   -1.62135414859513   -1.26548781681111
H           7.98304232705812   -2.27398300493024   -0.67449924358617
H          10.35160617171843   -2.59482823873826   -0.17409780942455
H          11.61646180745207   -0.85810821204569    1.05970098342596
H           6.67101997301929    1.80758074362705   -0.53349676794784
H           6.05044642513514    0.70561429212800   -1.78326911157832
H           4.24730517419300    2.13776228170542   -0.90899087673688
H           4.56009440003424    1.56007944461765    0.74775675539324
H          -2.04937708464133    2.49723883912437   -1.01771434917800
H          -4.41064785530727    2.42972498298758   -0.47371937677168
H          -8.68517664431980   -2.57357088379209    0.91278836733432
62
 SCF done        -97.010883140545          0.001373386079
C         -11.27933423685450   -1.83833386349652    1.48145319597474
C         -10.10625063113098   -0.98233578643851    1.11937524148808
C         -10.27925802551440    0.42244916647004    1.04044923272227
C          -9.24264687056111    1.24028007525479    0.71666580256500
N          -8.02548789945834    0.70604008721429    0.46595535970121
C          -6.83776749987783    1.27136957980150    0.13134215699152
C          -5.93243388735614    0.23002365243511    0.00191745503351
C          -4.52186248656877    0.29194756869668   -0.33457960783463
C          -3.78353800079468   -0.88946150247972   -0.44019848125482
C          -2.44321132773321   -0.85693606130048   -0.74497187516215
C          -1.79124712241447    0.36117006698327   -0.95454078814003
O          -0.46228568586363    0.28559342465323   -1.24160069068696
C           0.26464421216961    1.48452850547241   -1.40248173536907
C           1.73284810272362    1.13716546118725   -1.62214503311308
C           2.33100450325738    0.44228841406962   -0.39802893644600
N           3.73816478061374    0.14403919164345   -0.59963382374753
C           4.19758124673392   -0.98847233675541    0.18039465338685
C           5.63610175901474   -1.33840572052741   -0.20463025619592
N           6.47469268680465   -0.19038310712686    0.05913482277339
C           7.82696767800393   -0.37145432292133    0.29240105934621
C           8.50939956168237   -1.52435759906840   -0.11109631805474
C           9.84896645809521   -1.70578013290634    0.16827062143168
C          10.56542177257625   -0.74157886145171    0.85259430435918
C           9.90678338471431    0.39966744742290    1.28124929435073
Cl         10.78168829548208    1.59226338971617    2.17231328704375
C           8.55494082503689    0.58173800270504    1.02623396450831
Cl          7.76780590457978    1.96887604179299    1.69272381208559
C           6.02620838354287    0.95001901674873   -0.71454091770136
C           4.59107664805213    1.28611182600425   -0.32781188020963
C          -2.52123680004501    1.54167584783606   -0.85845226358096
C          -3.86911773038252    1.50119567614842   -0.55197433001956
N          -6.54713860049039   -0.95569140633980    0.25023540904404
C          -7.80180710526880   -0.67253464311383    0.52956701656085
C          -8.87142843383567   -1.51598806983202    0.86297601056054
H         -12.08362516589776   -1.70328557965257    0.75893338706870
H         -11.66362487298366   -1.55824359464316    2.46179434396960
H         -11.00104445921296   -2.88828045925966    1.50235843069964
H         -11.24978159877939    0.84756789146901    1.24129766767820
H          -9.33206255652011    2.31434852362654    0.64618947131262
H          -6.72886635350837    2.32962067851246    0.01256435003496
H          -4.29287838694737   -1.82513809502750   -0.27322831576526
H          -1.86665096510166   -1.76521511151078   -0.82704981611785
H          -0.11803682830138    2.04543355580813   -2.26708347625147
H           0.16273467562656    2.11076853161583   -0.50441965016546
H           1.82356271503136    0.47279540578246   -2.48098086326732
H           2.27191983835477    2.05902072888651   -1.84119563613375
H           2.17399711235711    1.06741502663333    0.49798117282633
H           1.79226497467368   -0.49500889274565   -0.24873600897457
H           4.16204487854174   -0.77884384879727    1.26456145945721
H           3.55359650890366   -1.84474294123681   -0.03035991130996
H           5.97281840956189   -2.17896658994330    0.40361133228283
H           5.65743841760726   -1.62234689572835   -1.26783334525170
H           7.98031435089235   -2.27867239257747   -0.67038260584906
H          10.34713965024260   -2.60304555322555   -0.16496306378965
H          11.61393237392849   -0.86592996877542    1.06589834564411
H           6.67338982319184    1.80670951201250   -0.53962377949774
H           6.05196319464579    0.70408142778351   -1.78808034993753
H           4.25058121556567    2.13710315095796   -0.91831325104889
H           4.56192392096388    1.56589913075098    0.74043583999930
H          -2.05195612749954    2.49963548303903   -1.02093059047191
H          -4.41435620804718    2.43016245388497   -0.48018693738624
H          -8.68478239622343   -2.57617060613725    0.90897603783470
62
 SCF done        -97.010897074159          0.001275755888
C         -11.27853454473310   -1.84445597450402    1.47767881657332
C         -10.10605470495680   -0.98746689569206    1.11605749592954
C         -10.27979881625381    0.41731974200542    1.03945813049712
C          -9.24396525539338    1.23631702817802    0.71621560030232
N          -8.02655385072360    0.70323740122857    0.46422424458541
C          -6.83907062558898    1.26988536200305    0.13136602893134
C          -5.93275432024289    0.22934521161424    0.00160469823920
C          -4.52162966736779    0.29326029516879   -0.33210851104556
C          -3.77979969299528   -0.88676132998975   -0.42861292245692
C          -2.43893026750154   -0.85226728072622   -0.73063237664036
C          -1.79010705473058    0.36642592950422   -0.94640296544851
O          -0.46058382042989    0.29268115591416   -1.23132815198976
C           0.26388449865500    1.49260766762751   -1.39491772492009
C           1.73221429698877    1.14781457926476   -1.61783205919297
C           2.33258622755971    0.44850311543341   -0.39744274353894
N           3.73840914764295    0.14715093475988   -0.60345039497712
C           4.19779076091592   -0.98309535201402    0.17997955718625
C           5.63428974523256   -1.33789131515321   -0.20801854821957
N           6.47572800579320   -0.19096115781108    0.05164048412163
C           7.82687790331510   -0.37412097250608    0.28864697479009
C           8.50614737799634   -1.53195988711499   -0.10679429364432
C           9.84406555553284   -1.71724917927861    0.17797468606550
C          10.56205994661003   -0.75198745679547    0.85931122116153
C           9.90676110596110    0.39459791422460    1.27927334915683
Cl         10.78340141032834    1.58775138894830    2.16778571719379
C           8.55632795561268    0.58049061173951    1.01946521599241
Cl          7.77273976278773    1.97368771104727    1.67723921446006
C           6.02895237585680    0.94804118068731   -0.72485323690033
C           4.59444538706636    1.28866366600013   -0.33911279286151
C          -2.52338139927793    1.54554450773297   -0.85855645362279
C          -3.87184859152173    1.50307989808097   -0.55510957650863
N          -6.54675750701910   -0.95703357000607    0.24769925047468
C          -7.80195693744069   -0.67537721731676    0.52618410834114
C          -8.87107206474475   -1.51998881267895    0.85810158687998
H         -12.08289811103866   -1.70969078380487    0.75520693638997
H         -11.66301034000334   -1.56499258241805    2.45811803306820
H         -10.99956557416257   -2.89426100160575    1.49818505387761
H         -11.25031182995089    0.84176548286213    1.24178147313721
H          -9.33421249946860    2.31039144130699    0.64745911515966
H          -6.73112813455094    2.32840768115486    0.01429198670500
H          -4.28690282043049   -1.82276226237619   -0.25689023049488
H          -1.85941088801708   -1.75926984107693   -0.80578622834671
H          -0.12144046666051    2.05236850686177   -2.25910738177037
H           0.16263898494225    2.11936708850871   -0.49701315960071
H           1.82267466384939    0.48692142107283   -2.47946061239281
H           2.26961455541269    2.07137610152189   -1.83394267847130
H           2.17926226261995    1.07130763993333    0.50101765558573
H           1.79244362419867   -0.48824795106652   -0.24947487495702
H           4.16617562842259   -0.76900988705884    1.26341331970842
H           3.55105498643112   -1.83871167140085   -0.02542241564257
H           5.97038412843817   -2.17861407301621    0.40113273926192
H           5.65256081693699   -1.62366981207744   -1.27131038202051
H           7.97595574988501   -2.28706272676864   -0.66371188501534
H          10.33972191547984   -2.61833198735474   -0.14854058540660
H          11.60938273646798   -0.87960651997052    1.07678213991169
H           6.67773616918965    1.80407586586164   -0.55258476272505
H           6.05398763278451    0.69896028955922   -1.79767433424916
H           4.25591479911699    2.13667002343124   -0.93525923054268
H           4.56593965524817    1.57583689791424    0.72738913026215
H          -2.05617175604023    2.50377222246331   -1.02533061991654
H          -4.42009204314347    2.43080617727298   -0.49041281596882
H          -8.68398618889212   -2.58018463930496    0.90221098553967
62
 SCF done        -97.010908742891          0.001025486101
C         -11.27738896856985   -1.85110339006823    1.47359560708950
C         -10.10593324976879   -0.99265433943445    1.11249194664301
C         -10.28041696382417    0.41216954169536    1.03796592158324
C          -9.24503280844875    1.23217182919640    0.71572122739178
N          -8.02725693583299    0.70059001937850    0.46301326245319
C          -6.83985751776914    1.26839380234401    0.13211878042342
C          -5.93273763985816    0.22856386195188    0.00179108910693
C          -4.52106288475586    0.29448313135625   -0.32932882012433
C          -3.77592068522461   -0.88404373297635   -0.41761654076003
C          -2.43447906979248   -0.84750460099332   -0.71687276084257
C          -1.78874431066589    0.37184687896848   -0.93797724056501
O          -0.45850241275413    0.30006229780811   -1.22043526891134
C           0.26312498788867    1.50128935892211   -1.38788355940702
C           1.73152380298996    1.15909300573831   -1.61384478869863
C           2.33422765562602    0.45586029838649   -0.39682530128576
N           3.73854065242408    0.15083375939494   -0.60732217491532
C           4.19763221956638   -0.97719923754411    0.18014536867092
C           5.63173032470744   -1.33781164064042   -0.21097678092340
N           6.47646522755678   -0.19258381466888    0.04423415106836
C           7.82644197483578   -0.37798078621344    0.28520967909987
C           8.50298567005748   -1.53997201690725   -0.10258393486765
C           9.83943877878847   -1.72844918996066    0.18737432984749
C          10.55839417023619   -0.76202652417798    0.86601440066015
C           9.90575918287236    0.38868028787627    1.27887958096276
Cl         10.78456318629037    1.58471488907061    2.16206071088325
C           8.55687289363046    0.57778654430274    1.01383282113676
Cl          7.77592853952350    1.97799694025083    1.66123898237524
C           6.03161045312858    0.94506404244043   -0.73616979845556
C           4.59820751704008    1.29175944538856   -0.35083254272451
C          -2.52513959603994    1.54945315707288   -0.85784383284878
C          -3.87421592081212    1.50484237624691   -0.55729002591190
N          -6.54620589268716   -0.95849776238311    0.24539078096534
C          -7.80180588650816   -0.67813360047044    0.52299399675073
C          -8.87063808793570   -1.52372975565258    0.85328694065195
H         -12.08197630028937   -1.71697767493797    0.75127863645610
H         -11.66214607592250   -1.57260107809923    2.45419279555574
H         -10.99710582447394   -2.90057117826278    1.49355787940605
H         -11.25094336326597    0.83615892776372    1.24108158267405
H          -9.33680262598637    2.30622388835698    0.64877089728497
H          -6.73216300977404    2.32715592984597    0.01723188738051
H          -4.28072163489048   -1.82048669175694   -0.24177787473922
H          -1.85208822236836   -1.75310859312752   -0.78569506441462
H          -0.12530795909342    2.05868984496513   -2.25224740599172
H           0.16214342275385    2.12933783456623   -0.49073851668169
H           1.82166743497134    0.50118634465569   -2.47788584672643
H           2.26724242971148    2.08420290999563   -1.82746253752148
H           2.18467764072580    1.07666983676833    0.50388758910147
H           1.79244057337583   -0.48017478634205   -0.24994486956846
H           4.17079447183062   -0.75785072129979    1.26268110427347
H           3.54784620068650   -1.83218831651650   -0.01867884671480
H           5.96669324236488   -2.17835496287195    0.39905492444413
H           5.64634028623057   -1.62570147815920   -1.27373547837220
H           7.97179283871854   -2.29659569120257   -0.65703608304036
H          10.33276346247287   -2.63354306294193   -0.13215676659942
H          11.60470792092289   -0.89206750150900    1.08694837978369
H           6.68275092480124    1.79998999803548   -0.56738359933670
H           6.05513739590166    0.69169813514590   -1.80821303360582
H           4.26111159243356    2.13760005677825   -0.95198934571339
H           4.57162823854729    1.58523201018381    0.71453437365407
H          -2.06024577224206    2.50808276844439   -1.02846435046488
H          -4.42515731599728    2.43136634574044   -0.49925687385203
H          -8.68298837806128   -2.58393816991685    0.89569023680789
62
 SCF done        -97.010912984503          0.000388818788
C         -11.27717685382089   -1.85210661591192    1.47278648816020
C         -10.10598138760606   -0.99319744164994    1.11211268187447
C         -10.28074919400557    0.41158133508944    1.03724675264104
C          -9.24519783448743    1.23165065754698    0.71558760556961
N          -8.02720368000454    0.70040845147290    0.46365089742432
C          -6.83975212431805    1.26832576017567    0.13300915013535
C          -5.93253296904773    0.22864057874853    0.00265332134126
C          -4.52087487880363    0.29468523743498   -0.32868376373853
C          -3.77567760154678   -0.88369177387670   -0.41765577172316
C          -2.43427846909832   -0.84696405443701   -0.71707186848570
C          -1.78856722671908    0.37249783766948   -0.93762772125084
O          -0.45825073350872    0.30095342070494   -1.21996513862878
C           0.26323575448269    1.50223519013943   -1.38831138240740
C           1.73165983745580    1.16010414916338   -1.61409027730720
C           2.33437892708815    0.45761042522001   -0.39668030687488
N           3.73843115872302    0.15137219300009   -0.60725072172823
C           4.19671871850264   -0.97640868318965    0.18102165338240
C           5.63067465101135   -1.33773114833186   -0.20989920565826
N           6.47611383824831   -0.19287021168466    0.04422957113061
C           7.82606778410819   -0.37851879819879    0.28539091904662
C           8.50260672176693   -1.54089986875819   -0.10159184153792
C           9.83915338514379   -1.72933806988130    0.18805363591146
C          10.55834007295045   -0.76250450059626    0.86594659805280
C           9.90569663743004    0.38883244855023    1.27805685027298
Cl         10.78437000326962    1.58438464449785    2.16112099260464
C           8.55691345488730    0.57764411137467    1.01323512191445
Cl          7.77593804966604    1.97660748512861    1.66278885947965
C           6.03184058365233    0.94388672841862   -0.73802013895280
C           4.59923417126793    1.29162539129694   -0.35144863524681
C          -2.52504173753610    1.54994566690402   -0.85706521194524
C          -3.87409774099502    1.50510557559644   -0.55632486469428
N          -6.54592989830192   -0.95856032241363    0.24611200069280
C          -7.80152590838523   -0.67823984322391    0.52356513782446
C          -8.87041047081732   -1.52392214895214    0.85361792297447
H         -12.08166747645390   -1.71824140633876    0.75032050156612
H         -11.66230128537123   -1.57394221150050    2.45332505107133
H         -10.99639176695965   -2.90137525170898    1.49265902987639
H         -11.25149475535368    0.83541088201374    1.23955732275952
H          -9.33737157568867    2.30567170797485    0.64853088419612
H          -6.73178793001599    2.32706924443502    0.01839039851221
H          -4.28035277939343   -1.82031283565682   -0.24238848243913
H          -1.85195153079118   -1.75250899859627   -0.78639163146290
H          -0.12547307582829    2.05868886168035   -2.25306653581429
H           0.16201405805114    2.13091211560937   -0.49175654562908
H           1.82162406082118    0.50158283888822   -2.47752205587992
H           2.26740655484178    2.08494602698368   -1.82844093064386
H           2.18548860343668    1.07945007072745    0.50331001833241
H           1.79193906324550   -0.47784743497550   -0.24876418724273
H           4.17002527483236   -0.75599792181516    1.26322627977204
H           3.54635363109361   -1.83107452970455   -0.01706369882766
H           5.96502876614854   -2.17788365554253    0.40053748820101
H           5.64486495379484   -1.62640690509027   -1.27210223352252
H           7.97187141607735   -2.29694157833503   -0.65715500171316
H          10.33265334937832   -2.63390781742886   -0.13239167560028
H          11.60471938723879   -0.89250456140104    1.08668191753621
H           6.68383853828577    1.79833787531380   -0.57112018272649
H           6.05457713173806    0.68858897570646   -1.80948074053296
H           4.26234357165834    2.13744689239970   -0.95205229023195
H           4.57391782709201    1.58479587973944    0.71351840511323
H          -2.06041213385681    2.50873773689861   -1.02740143934425
H          -4.42489206239992    2.43163828328899   -0.49791853284582
H          -8.68249485627510   -2.58407609059217    0.89625955726790
